  [1m[36m (1.3ms)[0m  [1mCREATE TABLE "schema_migrations" ("version" varchar NOT NULL) [0m
  [1m[35m (0.0ms)[0m  select sqlite_version(*)
  [1m[36m (1.1ms)[0m  [1mCREATE UNIQUE INDEX "unique_schema_migrations" ON "schema_migrations" ("version")[0m
  [1m[35mActiveRecord::SchemaMigration Load (0.1ms)[0m  SELECT "schema_migrations".* FROM "schema_migrations"
  [1m[35m (26.0ms)[0m  [1m[35mCREATE TABLE "ar_internal_metadata" ("key" varchar NOT NULL PRIMARY KEY, "value" varchar, "created_at" datetime NOT NULL, "updated_at" datetime NOT NULL)[0m
  [1m[36mActiveRecord::SchemaMigration Load (1.5ms)[0m  [1m[34mSELECT "schema_migrations".* FROM "schema_migrations"[0m
Migrating to CreateArticles (20201102015043)
  [1m[35m (0.1ms)[0m  [1m[36mbegin transaction[0m
  [1m[35m (10.8ms)[0m  [1m[35mCREATE TABLE "articles" ("id" INTEGER PRIMARY KEY AUTOINCREMENT NOT NULL, "title" varchar, "body" text, "created_at" datetime NOT NULL, "updated_at" datetime NOT NULL)[0m
  [1m[35mSQL (3.8ms)[0m  [1m[32mINSERT INTO "schema_migrations" ("version") VALUES (?)[0m  [["version", "20201102015043"]]
  [1m[35m (16.0ms)[0m  [1m[36mcommit transaction[0m
  [1m[36mActiveRecord::InternalMetadata Load (1.7ms)[0m  [1m[34mSELECT  "ar_internal_metadata".* FROM "ar_internal_metadata" WHERE "ar_internal_metadata"."key" = ? LIMIT ?[0m  [["key", "environment"], ["LIMIT", 1]]
  [1m[35m (0.0ms)[0m  [1m[36mbegin transaction[0m
  [1m[35mSQL (7.5ms)[0m  [1m[32mINSERT INTO "ar_internal_metadata" ("key", "value", "created_at", "updated_at") VALUES (?, ?, ?, ?)[0m  [["key", "environment"], ["value", "development"], ["created_at", "2020-11-02 01:52:47.012087"], ["updated_at", "2020-11-02 01:52:47.012087"]]
  [1m[35m (13.4ms)[0m  [1m[36mcommit transaction[0m
  [1m[36mActiveRecord::SchemaMigration Load (2.9ms)[0m  [1m[34mSELECT "schema_migrations".* FROM "schema_migrations"[0m
Started GET "/" for 127.0.0.1 at 2020-11-01 20:53:10 -0500
  [1m[36mActiveRecord::SchemaMigration Load (1.7ms)[0m  [1m[34mSELECT "schema_migrations".* FROM "schema_migrations"[0m
Processing by Rails::WelcomeController#index as HTML
  Parameters: {"internal"=>true}
  Rendering /home/nickd/.rvm/gems/ruby-2.6.1/gems/railties-5.0.7.2/lib/rails/templates/rails/welcome/index.html.erb
  Rendered /home/nickd/.rvm/gems/ruby-2.6.1/gems/railties-5.0.7.2/lib/rails/templates/rails/welcome/index.html.erb (14.4ms)
Completed 200 OK in 94ms (Views: 58.6ms | ActiveRecord: 0.0ms)


Started GET "/" for 127.0.0.1 at 2020-11-01 20:53:15 -0500
Processing by Rails::WelcomeController#index as HTML
  Parameters: {"internal"=>true}
  Rendering /home/nickd/.rvm/gems/ruby-2.6.1/gems/railties-5.0.7.2/lib/rails/templates/rails/welcome/index.html.erb
  Rendered /home/nickd/.rvm/gems/ruby-2.6.1/gems/railties-5.0.7.2/lib/rails/templates/rails/welcome/index.html.erb (1.7ms)
Completed 200 OK in 5ms (Views: 3.5ms | ActiveRecord: 0.0ms)


Started GET "/articles" for 127.0.0.1 at 2020-11-01 20:53:19 -0500
Processing by ArticlesController#index as HTML
  Rendering articles/index.html.erb within layouts/application
  [1m[36mArticle Load (2.1ms)[0m  [1m[34mSELECT "articles".* FROM "articles"[0m
  Rendered articles/index.html.erb within layouts/application (21.1ms)
Completed 200 OK in 4229ms (Views: 4094.2ms | ActiveRecord: 5.7ms)


Started GET "/articles/new" for 127.0.0.1 at 2020-11-01 20:53:25 -0500
Processing by ArticlesController#new as HTML
  Rendering articles/new.html.erb within layouts/application
  Rendered articles/_form.html.erb (103.3ms)
  Rendered articles/new.html.erb within layouts/application (174.5ms)
Completed 200 OK in 732ms (Views: 642.5ms | ActiveRecord: 6.7ms)


Started POST "/articles" for 127.0.0.1 at 2020-11-01 20:53:42 -0500
Processing by ArticlesController#create as HTML
  Parameters: {"utf8"=>"✓", "authenticity_token"=>"2N9hk1W1eC23tDn5AU9lUaSrw4QCCTW21SxO3P2pCq1PQrz3ziMyoGhT9cyXsJJfU5XD0FsPOfD39fAaZmQdbw==", "article"=>{"title"=>"This was a triumph", "body"=>"I'm making a note here - huge success"}, "commit"=>"Create Article"}
  [1m[35m (0.1ms)[0m  [1m[36mbegin transaction[0m
  [1m[35mSQL (13.5ms)[0m  [1m[32mINSERT INTO "articles" ("title", "body", "created_at", "updated_at") VALUES (?, ?, ?, ?)[0m  [["title", "This was a triumph"], ["body", "I'm making a note here - huge success"], ["created_at", "2020-11-02 01:53:42.510003"], ["updated_at", "2020-11-02 01:53:42.510003"]]
  [1m[35m (16.2ms)[0m  [1m[36mcommit transaction[0m
Redirected to http://localhost:3000/articles/1
Completed 302 Found in 37ms (ActiveRecord: 29.8ms)


Started GET "/articles/1" for 127.0.0.1 at 2020-11-01 20:53:42 -0500
Processing by ArticlesController#show as HTML
  Parameters: {"id"=>"1"}
  [1m[36mArticle Load (3.8ms)[0m  [1m[34mSELECT  "articles".* FROM "articles" WHERE "articles"."id" = ? LIMIT ?[0m  [["id", 1], ["LIMIT", 1]]
  Rendering articles/show.html.erb within layouts/application
  Rendered articles/show.html.erb within layouts/application (1.3ms)
Completed 200 OK in 578ms (Views: 483.7ms | ActiveRecord: 3.8ms)


Started GET "/articles/1/edit" for 127.0.0.1 at 2020-11-01 20:53:47 -0500
Processing by ArticlesController#edit as HTML
  Parameters: {"id"=>"1"}
  [1m[36mArticle Load (2.2ms)[0m  [1m[34mSELECT  "articles".* FROM "articles" WHERE "articles"."id" = ? LIMIT ?[0m  [["id", 1], ["LIMIT", 1]]
  Rendering articles/edit.html.erb within layouts/application
  Rendered articles/_form.html.erb (2.9ms)
  Rendered articles/edit.html.erb within layouts/application (77.4ms)
Completed 200 OK in 633ms (Views: 563.4ms | ActiveRecord: 2.2ms)


Started PATCH "/articles/1" for 127.0.0.1 at 2020-11-01 20:53:58 -0500
Processing by ArticlesController#update as HTML
  Parameters: {"utf8"=>"✓", "authenticity_token"=>"9TIRJIWNbb788VlpRAkIwKA9KKIK2I4EnsgS11aiTUhir8xAHhsnMyMWlVzS9v/OVwMo9lPegkK8EawRzW9aig==", "article"=>{"title"=>"This was a triumph", "body"=>"I'm making a note here - huge success\r\nEven though you broke my heart,\r\nand killed me"}, "commit"=>"Update Article", "id"=>"1"}
  [1m[36mArticle Load (2.5ms)[0m  [1m[34mSELECT  "articles".* FROM "articles" WHERE "articles"."id" = ? LIMIT ?[0m  [["id", 1], ["LIMIT", 1]]
  [1m[35m (0.1ms)[0m  [1m[36mbegin transaction[0m
  [1m[35mSQL (9.4ms)[0m  [1m[33mUPDATE "articles" SET "body" = ?, "updated_at" = ? WHERE "articles"."id" = ?[0m  [["body", "I'm making a note here - huge success\r\nEven though you broke my heart,\r\nand killed me"], ["updated_at", "2020-11-02 01:53:59.014053"], ["id", 1]]
  [1m[35m (15.8ms)[0m  [1m[36mcommit transaction[0m
Redirected to http://localhost:3000/articles/1
Completed 302 Found in 48ms (ActiveRecord: 27.7ms)


Started GET "/articles/1" for 127.0.0.1 at 2020-11-01 20:53:59 -0500
Processing by ArticlesController#show as HTML
  Parameters: {"id"=>"1"}
  [1m[36mArticle Load (3.1ms)[0m  [1m[34mSELECT  "articles".* FROM "articles" WHERE "articles"."id" = ? LIMIT ?[0m  [["id", 1], ["LIMIT", 1]]
  Rendering articles/show.html.erb within layouts/application
  Rendered articles/show.html.erb within layouts/application (0.7ms)
Completed 200 OK in 532ms (Views: 452.3ms | ActiveRecord: 3.1ms)


Started GET "/articles/1/edit" for 127.0.0.1 at 2020-11-01 20:54:04 -0500
Processing by ArticlesController#edit as HTML
  Parameters: {"id"=>"1"}
  [1m[36mArticle Load (2.3ms)[0m  [1m[34mSELECT  "articles".* FROM "articles" WHERE "articles"."id" = ? LIMIT ?[0m  [["id", 1], ["LIMIT", 1]]
  Rendering articles/edit.html.erb within layouts/application
  Rendered articles/_form.html.erb (1.8ms)
  Rendered articles/edit.html.erb within layouts/application (73.5ms)
Completed 200 OK in 609ms (Views: 541.2ms | ActiveRecord: 2.3ms)


Started GET "/articles/1" for 127.0.0.1 at 2020-11-01 20:54:08 -0500
Processing by ArticlesController#show as HTML
  Parameters: {"id"=>"1"}
  [1m[36mArticle Load (1.7ms)[0m  [1m[34mSELECT  "articles".* FROM "articles" WHERE "articles"."id" = ? LIMIT ?[0m  [["id", 1], ["LIMIT", 1]]
  Rendering articles/show.html.erb within layouts/application
  Rendered articles/show.html.erb within layouts/application (0.7ms)
Completed 200 OK in 534ms (Views: 463.8ms | ActiveRecord: 1.7ms)


Started GET "/articles" for 127.0.0.1 at 2020-11-01 20:54:09 -0500
Processing by ArticlesController#index as HTML
  Rendering articles/index.html.erb within layouts/application
  [1m[36mArticle Load (2.3ms)[0m  [1m[34mSELECT "articles".* FROM "articles"[0m
  Rendered articles/index.html.erb within layouts/application (4.7ms)
Completed 200 OK in 533ms (Views: 467.2ms | ActiveRecord: 2.3ms)


